Copyright 1986-2022 Xilinx, Inc. All Rights Reserved. Copyright 2022-2023 Advanced Micro Devices, Inc. All Rights Reserved.
---------------------------------------------------------------------------------------------------------------------------------------------
| Tool Version : Vivado v.2023.1 (win64) Build 3865809 Sun May  7 15:05:29 MDT 2023
| Date         : Wed Jan  3 00:45:23 2024
| Host         : Desktop-Tyke running 64-bit major release  (build 9200)
| Command      : report_bus_skew -warn_on_violation -file main_bus_skew_routed.rpt -pb main_bus_skew_routed.pb -rpx main_bus_skew_routed.rpx
| Design       : main
| Device       : 7a35t-csg324
| Speed File   : -1  PRODUCTION 1.23 2018-06-13
| Design State : Routed
---------------------------------------------------------------------------------------------------------------------------------------------

Bus Skew Report

Table of Contents
-----------------
1. Bus Skew Report Summary
2. Bus Skew Report Per Constraint

1. Bus Skew Report Summary
--------------------------

Id  Position  From                            To                              Corner  Requirement(ns)  Actual(ns)  Slack(ns)
--  --------  ------------------------------  ------------------------------  ------  ---------------  ----------  ---------
1   8         [get_cells [list {nolabel_line153/char_fifo_i0/U0/inst_fifo_gen/gconvfifo.rf/grf.rf/gntv_or_sync_fifo.gcx.clkx/rd_pntr_cdc_inst/src_gray_ff_reg[0]} {nolabel_line153/char_fifo_i0/U0/inst_fifo_gen/gconvfifo.rf/grf.rf/gntv_or_sync_fifo.gcx.clkx/rd_pntr_cdc_inst/src_gray_ff_reg[1]} {nolabel_line153/char_fifo_i0/U0/inst_fifo_gen/gconvfifo.rf/grf.rf/gntv_or_sync_fifo.gcx.clkx/rd_pntr_cdc_inst/src_gray_ff_reg[2]} {nolabel_line153/char_fifo_i0/U0/inst_fifo_gen/gconvfifo.rf/grf.rf/gntv_or_sync_fifo.gcx.clkx/rd_pntr_cdc_inst/src_gray_ff_reg[3]} {nolabel_line153/char_fifo_i0/U0/inst_fifo_gen/gconvfifo.rf/grf.rf/gntv_or_sync_fifo.gcx.clkx/rd_pntr_cdc_inst/src_gray_ff_reg[4]} {nolabel_line153/char_fifo_i0/U0/inst_fifo_gen/gconvfifo.rf/grf.rf/gntv_or_sync_fifo.gcx.clkx/rd_pntr_cdc_inst/src_gray_ff_reg[5]} {nolabel_line153/char_fifo_i0/U0/inst_fifo_gen/gconvfifo.rf/grf.rf/gntv_or_sync_fifo.gcx.clkx/rd_pntr_cdc_inst/src_gray_ff_reg[6]} {nolabel_line153/char_fifo_i0/U0/inst_fifo_gen/gconvfifo.rf/grf.rf/gntv_or_sync_fifo.gcx.clkx/rd_pntr_cdc_inst/src_gray_ff_reg[7]} {nolabel_line153/char_fifo_i0/U0/inst_fifo_gen/gconvfifo.rf/grf.rf/gntv_or_sync_fifo.gcx.clkx/rd_pntr_cdc_inst/src_gray_ff_reg[8]} {nolabel_line153/char_fifo_i0/U0/inst_fifo_gen/gconvfifo.rf/grf.rf/gntv_or_sync_fifo.gcx.clkx/rd_pntr_cdc_inst/src_gray_ff_reg[9]}]]
                                              [get_cells [list {nolabel_line153/char_fifo_i0/U0/inst_fifo_gen/gconvfifo.rf/grf.rf/gntv_or_sync_fifo.gcx.clkx/rd_pntr_cdc_inst/dest_graysync_ff_reg[0][0]} {nolabel_line153/char_fifo_i0/U0/inst_fifo_gen/gconvfifo.rf/grf.rf/gntv_or_sync_fifo.gcx.clkx/rd_pntr_cdc_inst/dest_graysync_ff_reg[0][1]} {nolabel_line153/char_fifo_i0/U0/inst_fifo_gen/gconvfifo.rf/grf.rf/gntv_or_sync_fifo.gcx.clkx/rd_pntr_cdc_inst/dest_graysync_ff_reg[0][2]} {nolabel_line153/char_fifo_i0/U0/inst_fifo_gen/gconvfifo.rf/grf.rf/gntv_or_sync_fifo.gcx.clkx/rd_pntr_cdc_inst/dest_graysync_ff_reg[0][3]} {nolabel_line153/char_fifo_i0/U0/inst_fifo_gen/gconvfifo.rf/grf.rf/gntv_or_sync_fifo.gcx.clkx/rd_pntr_cdc_inst/dest_graysync_ff_reg[0][4]} {nolabel_line153/char_fifo_i0/U0/inst_fifo_gen/gconvfifo.rf/grf.rf/gntv_or_sync_fifo.gcx.clkx/rd_pntr_cdc_inst/dest_graysync_ff_reg[0][5]} {nolabel_line153/char_fifo_i0/U0/inst_fifo_gen/gconvfifo.rf/grf.rf/gntv_or_sync_fifo.gcx.clkx/rd_pntr_cdc_inst/dest_graysync_ff_reg[0][6]} {nolabel_line153/char_fifo_i0/U0/inst_fifo_gen/gconvfifo.rf/grf.rf/gntv_or_sync_fifo.gcx.clkx/rd_pntr_cdc_inst/dest_graysync_ff_reg[0][7]} {nolabel_line153/char_fifo_i0/U0/inst_fifo_gen/gconvfifo.rf/grf.rf/gntv_or_sync_fifo.gcx.clkx/rd_pntr_cdc_inst/dest_graysync_ff_reg[0][8]} {nolabel_line153/char_fifo_i0/U0/inst_fifo_gen/gconvfifo.rf/grf.rf/gntv_or_sync_fifo.gcx.clkx/rd_pntr_cdc_inst/dest_graysync_ff_reg[0][9]}]]
                                                                              Slow             10.000       0.869      9.131
2   10        [get_cells [list {nolabel_line153/char_fifo_i0/U0/inst_fifo_gen/gconvfifo.rf/grf.rf/gntv_or_sync_fifo.gcx.clkx/wr_pntr_cdc_inst/src_gray_ff_reg[0]} {nolabel_line153/char_fifo_i0/U0/inst_fifo_gen/gconvfifo.rf/grf.rf/gntv_or_sync_fifo.gcx.clkx/wr_pntr_cdc_inst/src_gray_ff_reg[1]} {nolabel_line153/char_fifo_i0/U0/inst_fifo_gen/gconvfifo.rf/grf.rf/gntv_or_sync_fifo.gcx.clkx/wr_pntr_cdc_inst/src_gray_ff_reg[2]} {nolabel_line153/char_fifo_i0/U0/inst_fifo_gen/gconvfifo.rf/grf.rf/gntv_or_sync_fifo.gcx.clkx/wr_pntr_cdc_inst/src_gray_ff_reg[3]} {nolabel_line153/char_fifo_i0/U0/inst_fifo_gen/gconvfifo.rf/grf.rf/gntv_or_sync_fifo.gcx.clkx/wr_pntr_cdc_inst/src_gray_ff_reg[4]} {nolabel_line153/char_fifo_i0/U0/inst_fifo_gen/gconvfifo.rf/grf.rf/gntv_or_sync_fifo.gcx.clkx/wr_pntr_cdc_inst/src_gray_ff_reg[5]} {nolabel_line153/char_fifo_i0/U0/inst_fifo_gen/gconvfifo.rf/grf.rf/gntv_or_sync_fifo.gcx.clkx/wr_pntr_cdc_inst/src_gray_ff_reg[6]} {nolabel_line153/char_fifo_i0/U0/inst_fifo_gen/gconvfifo.rf/grf.rf/gntv_or_sync_fifo.gcx.clkx/wr_pntr_cdc_inst/src_gray_ff_reg[7]} {nolabel_line153/char_fifo_i0/U0/inst_fifo_gen/gconvfifo.rf/grf.rf/gntv_or_sync_fifo.gcx.clkx/wr_pntr_cdc_inst/src_gray_ff_reg[8]} {nolabel_line153/char_fifo_i0/U0/inst_fifo_gen/gconvfifo.rf/grf.rf/gntv_or_sync_fifo.gcx.clkx/wr_pntr_cdc_inst/src_gray_ff_reg[9]}]]
                                              [get_cells [list {nolabel_line153/char_fifo_i0/U0/inst_fifo_gen/gconvfifo.rf/grf.rf/gntv_or_sync_fifo.gcx.clkx/wr_pntr_cdc_inst/dest_graysync_ff_reg[0][0]} {nolabel_line153/char_fifo_i0/U0/inst_fifo_gen/gconvfifo.rf/grf.rf/gntv_or_sync_fifo.gcx.clkx/wr_pntr_cdc_inst/dest_graysync_ff_reg[0][1]} {nolabel_line153/char_fifo_i0/U0/inst_fifo_gen/gconvfifo.rf/grf.rf/gntv_or_sync_fifo.gcx.clkx/wr_pntr_cdc_inst/dest_graysync_ff_reg[0][2]} {nolabel_line153/char_fifo_i0/U0/inst_fifo_gen/gconvfifo.rf/grf.rf/gntv_or_sync_fifo.gcx.clkx/wr_pntr_cdc_inst/dest_graysync_ff_reg[0][3]} {nolabel_line153/char_fifo_i0/U0/inst_fifo_gen/gconvfifo.rf/grf.rf/gntv_or_sync_fifo.gcx.clkx/wr_pntr_cdc_inst/dest_graysync_ff_reg[0][4]} {nolabel_line153/char_fifo_i0/U0/inst_fifo_gen/gconvfifo.rf/grf.rf/gntv_or_sync_fifo.gcx.clkx/wr_pntr_cdc_inst/dest_graysync_ff_reg[0][5]} {nolabel_line153/char_fifo_i0/U0/inst_fifo_gen/gconvfifo.rf/grf.rf/gntv_or_sync_fifo.gcx.clkx/wr_pntr_cdc_inst/dest_graysync_ff_reg[0][6]} {nolabel_line153/char_fifo_i0/U0/inst_fifo_gen/gconvfifo.rf/grf.rf/gntv_or_sync_fifo.gcx.clkx/wr_pntr_cdc_inst/dest_graysync_ff_reg[0][7]} {nolabel_line153/char_fifo_i0/U0/inst_fifo_gen/gconvfifo.rf/grf.rf/gntv_or_sync_fifo.gcx.clkx/wr_pntr_cdc_inst/dest_graysync_ff_reg[0][8]} {nolabel_line153/char_fifo_i0/U0/inst_fifo_gen/gconvfifo.rf/grf.rf/gntv_or_sync_fifo.gcx.clkx/wr_pntr_cdc_inst/dest_graysync_ff_reg[0][9]}]]
                                                                              Slow             10.000       0.821      9.179


2. Bus Skew Report Per Constraint
---------------------------------

Id: 1
set_bus_skew -from [get_cells [list {nolabel_line153/char_fifo_i0/U0/inst_fifo_gen/gconvfifo.rf/grf.rf/gntv_or_sync_fifo.gcx.clkx/rd_pntr_cdc_inst/src_gray_ff_reg[0]} {nolabel_line153/char_fifo_i0/U0/inst_fifo_gen/gconvfifo.rf/grf.rf/gntv_or_sync_fifo.gcx.clkx/rd_pntr_cdc_inst/src_gray_ff_reg[1]} {nolabel_line153/char_fifo_i0/U0/inst_fifo_gen/gconvfifo.rf/grf.rf/gntv_or_sync_fifo.gcx.clkx/rd_pntr_cdc_inst/src_gray_ff_reg[2]} {nolabel_line153/char_fifo_i0/U0/inst_fifo_gen/gconvfifo.rf/grf.rf/gntv_or_sync_fifo.gcx.clkx/rd_pntr_cdc_inst/src_gray_ff_reg[3]} {nolabel_line153/char_fifo_i0/U0/inst_fifo_gen/gconvfifo.rf/grf.rf/gntv_or_sync_fifo.gcx.clkx/rd_pntr_cdc_inst/src_gray_ff_reg[4]} {nolabel_line153/char_fifo_i0/U0/inst_fifo_gen/gconvfifo.rf/grf.rf/gntv_or_sync_fifo.gcx.clkx/rd_pntr_cdc_inst/src_gray_ff_reg[5]} {nolabel_line153/char_fifo_i0/U0/inst_fifo_gen/gconvfifo.rf/grf.rf/gntv_or_sync_fifo.gcx.clkx/rd_pntr_cdc_inst/src_gray_ff_reg[6]} {nolabel_line153/char_fifo_i0/U0/inst_fifo_gen/gconvfifo.rf/grf.rf/gntv_or_sync_fifo.gcx.clkx/rd_pntr_cdc_inst/src_gray_ff_reg[7]} {nolabel_line153/char_fifo_i0/U0/inst_fifo_gen/gconvfifo.rf/grf.rf/gntv_or_sync_fifo.gcx.clkx/rd_pntr_cdc_inst/src_gray_ff_reg[8]} {nolabel_line153/char_fifo_i0/U0/inst_fifo_gen/gconvfifo.rf/grf.rf/gntv_or_sync_fifo.gcx.clkx/rd_pntr_cdc_inst/src_gray_ff_reg[9]}]] -to [get_cells [list {nolabel_line153/char_fifo_i0/U0/inst_fifo_gen/gconvfifo.rf/grf.rf/gntv_or_sync_fifo.gcx.clkx/rd_pntr_cdc_inst/dest_graysync_ff_reg[0][0]} {nolabel_line153/char_fifo_i0/U0/inst_fifo_gen/gconvfifo.rf/grf.rf/gntv_or_sync_fifo.gcx.clkx/rd_pntr_cdc_inst/dest_graysync_ff_reg[0][1]} {nolabel_line153/char_fifo_i0/U0/inst_fifo_gen/gconvfifo.rf/grf.rf/gntv_or_sync_fifo.gcx.clkx/rd_pntr_cdc_inst/dest_graysync_ff_reg[0][2]} {nolabel_line153/char_fifo_i0/U0/inst_fifo_gen/gconvfifo.rf/grf.rf/gntv_or_sync_fifo.gcx.clkx/rd_pntr_cdc_inst/dest_graysync_ff_reg[0][3]} {nolabel_line153/char_fifo_i0/U0/inst_fifo_gen/gconvfifo.rf/grf.rf/gntv_or_sync_fifo.gcx.clkx/rd_pntr_cdc_inst/dest_graysync_ff_reg[0][4]} {nolabel_line153/char_fifo_i0/U0/inst_fifo_gen/gconvfifo.rf/grf.rf/gntv_or_sync_fifo.gcx.clkx/rd_pntr_cdc_inst/dest_graysync_ff_reg[0][5]} {nolabel_line153/char_fifo_i0/U0/inst_fifo_gen/gconvfifo.rf/grf.rf/gntv_or_sync_fifo.gcx.clkx/rd_pntr_cdc_inst/dest_graysync_ff_reg[0][6]} {nolabel_line153/char_fifo_i0/U0/inst_fifo_gen/gconvfifo.rf/grf.rf/gntv_or_sync_fifo.gcx.clkx/rd_pntr_cdc_inst/dest_graysync_ff_reg[0][7]} {nolabel_line153/char_fifo_i0/U0/inst_fifo_gen/gconvfifo.rf/grf.rf/gntv_or_sync_fifo.gcx.clkx/rd_pntr_cdc_inst/dest_graysync_ff_reg[0][8]} {nolabel_line153/char_fifo_i0/U0/inst_fifo_gen/gconvfifo.rf/grf.rf/gntv_or_sync_fifo.gcx.clkx/rd_pntr_cdc_inst/dest_graysync_ff_reg[0][9]}]] 10.000
Requirement: 10.000ns
Endpoints: 10

From Clock            To Clock              Endpoint Pin                    Reference Pin                   Corner  Actual(ns)  Slack(ns)
--------------------  --------------------  ------------------------------  ------------------------------  ------  ----------  ---------
clk_out2_clk_core     clk_out1_clk_core     nolabel_line153/char_fifo_i0/U0/inst_fifo_gen/gconvfifo.rf/grf.rf/gntv_or_sync_fifo.gcx.clkx/rd_pntr_cdc_inst/dest_graysync_ff_reg[0][3]/D
                                                                            nolabel_line153/char_fifo_i0/U0/inst_fifo_gen/gconvfifo.rf/grf.rf/gntv_or_sync_fifo.gcx.clkx/rd_pntr_cdc_inst/dest_graysync_ff_reg[0][9]/D
                                                                                                            Slow         0.869      9.131


Slack (MET) :             9.131ns  (requirement - actual skew)
  Endpoint Source:        nolabel_line153/char_fifo_i0/U0/inst_fifo_gen/gconvfifo.rf/grf.rf/gntv_or_sync_fifo.gcx.clkx/rd_pntr_cdc_inst/src_gray_ff_reg[3]/C
                            (rising edge-triggered cell FDRE clocked by clk_out2_clk_core)
  Endpoint Destination:   nolabel_line153/char_fifo_i0/U0/inst_fifo_gen/gconvfifo.rf/grf.rf/gntv_or_sync_fifo.gcx.clkx/rd_pntr_cdc_inst/dest_graysync_ff_reg[0][3]/D
                            (rising edge-triggered cell FDRE clocked by clk_out1_clk_core)
  Reference Source:       nolabel_line153/char_fifo_i0/U0/inst_fifo_gen/gconvfifo.rf/grf.rf/gntv_or_sync_fifo.gcx.clkx/rd_pntr_cdc_inst/src_gray_ff_reg[9]/C
                            (rising edge-triggered cell FDRE clocked by clk_out2_clk_core)
  Reference Destination:  nolabel_line153/char_fifo_i0/U0/inst_fifo_gen/gconvfifo.rf/grf.rf/gntv_or_sync_fifo.gcx.clkx/rd_pntr_cdc_inst/dest_graysync_ff_reg[0][9]/D
                            (rising edge-triggered cell FDRE clocked by clk_out1_clk_core)
  Path Type:              Bus Skew (Max at Slow Process Corner)
  Requirement:            10.000ns
  Endpoint Relative Delay:    1.572ns
  Reference Relative Delay:   0.346ns
  Relative CRPR:              0.357ns
  Actual Bus Skew:            0.869ns  (Endpoint Relative Delay - Reference Relative Delay - Relative CRPR)

Endpoint path:
    Location             Delay type                Incr(ns)  Path(ns)    Netlist Resource(s)
  -------------------------------------------------------------------    -------------------
                         (clock clk_out2_clk_core rise edge)
                                                      0.000     0.000 r  
    P17                  IBUF                         0.000     0.000 r  clk_IBUF_inst/O
                         net (fo=564, routed)         1.233     1.233    nolabel_line153/clk_gen_i0/clk_core_i0/inst/clk_in1
    MMCME2_ADV_X0Y0      MMCME2_ADV (Prop_mmcme2_adv_CLKIN1_CLKOUT1)
                                                     -6.965    -5.732 r  nolabel_line153/clk_gen_i0/clk_core_i0/inst/mmcm_adv_inst/CLKOUT1
                         net (fo=1, routed)           1.666    -4.065    nolabel_line153/clk_gen_i0/clk_core_i0/inst/clk_out2_clk_core
    BUFGCTRL_X0Y12       BUFG (Prop_bufg_I_O)         0.096    -3.969 r  nolabel_line153/clk_gen_i0/clk_core_i0/inst/clkout2_buf/O
                         net (fo=136, routed)         1.551    -2.418    nolabel_line153/char_fifo_i0/U0/inst_fifo_gen/gconvfifo.rf/grf.rf/gntv_or_sync_fifo.gcx.clkx/rd_pntr_cdc_inst/src_clk
    SLICE_X51Y25         FDRE                                         r  nolabel_line153/char_fifo_i0/U0/inst_fifo_gen/gconvfifo.rf/grf.rf/gntv_or_sync_fifo.gcx.clkx/rd_pntr_cdc_inst/src_gray_ff_reg[3]/C
  -------------------------------------------------------------------    -------------------
    SLICE_X51Y25         FDRE (Prop_fdre_C_Q)         0.419    -1.999 r  nolabel_line153/char_fifo_i0/U0/inst_fifo_gen/gconvfifo.rf/grf.rf/gntv_or_sync_fifo.gcx.clkx/rd_pntr_cdc_inst/src_gray_ff_reg[3]/Q
                         net (fo=1, routed)           0.733    -1.265    nolabel_line153/char_fifo_i0/U0/inst_fifo_gen/gconvfifo.rf/grf.rf/gntv_or_sync_fifo.gcx.clkx/rd_pntr_cdc_inst/async_path[3]
    SLICE_X50Y25         FDRE                                         r  nolabel_line153/char_fifo_i0/U0/inst_fifo_gen/gconvfifo.rf/grf.rf/gntv_or_sync_fifo.gcx.clkx/rd_pntr_cdc_inst/dest_graysync_ff_reg[0][3]/D
  -------------------------------------------------------------------    -------------------

                         (clock clk_out1_clk_core rise edge)
                                                      0.000     0.000 r  
    P17                  IBUF                         0.000     0.000 r  clk_IBUF_inst/O
                         net (fo=564, routed)         1.162     1.162    nolabel_line153/clk_gen_i0/clk_core_i0/inst/clk_in1
    MMCME2_ADV_X0Y0      MMCME2_ADV (Prop_mmcme2_adv_CLKIN1_CLKOUT0)
                                                     -7.221    -6.060 r  nolabel_line153/clk_gen_i0/clk_core_i0/inst/mmcm_adv_inst/CLKOUT0
                         net (fo=1, routed)           1.587    -4.472    nolabel_line153/clk_gen_i0/clk_core_i0/inst/clk_out1_clk_core
    BUFGCTRL_X0Y11       BUFG (Prop_bufg_I_O)         0.091    -4.381 r  nolabel_line153/clk_gen_i0/clk_core_i0/inst/clkout1_buf/O
                         net (fo=213, routed)         1.435    -2.946    nolabel_line153/char_fifo_i0/U0/inst_fifo_gen/gconvfifo.rf/grf.rf/gntv_or_sync_fifo.gcx.clkx/rd_pntr_cdc_inst/dest_clk
    SLICE_X50Y25         FDRE                                         r  nolabel_line153/char_fifo_i0/U0/inst_fifo_gen/gconvfifo.rf/grf.rf/gntv_or_sync_fifo.gcx.clkx/rd_pntr_cdc_inst/dest_graysync_ff_reg[0][3]/C
                         clock pessimism              0.328    -2.618    
    SLICE_X50Y25         FDRE (Setup_fdre_C_D)       -0.219    -2.837    nolabel_line153/char_fifo_i0/U0/inst_fifo_gen/gconvfifo.rf/grf.rf/gntv_or_sync_fifo.gcx.clkx/rd_pntr_cdc_inst/dest_graysync_ff_reg[0][3]
  -------------------------------------------------------------------
                         data arrival                          -1.265    
                         clock arrival                         -2.837    
  -------------------------------------------------------------------
                         relative delay                         1.572    

Reference path:
    Location             Delay type                Incr(ns)  Path(ns)    Netlist Resource(s)
  -------------------------------------------------------------------    -------------------
                         (clock clk_out2_clk_core rise edge)
                                                      0.000     0.000 r  
    P17                  IBUF                         0.000     0.000 r  clk_IBUF_inst/O
                         net (fo=564, routed)         1.162     1.162    nolabel_line153/clk_gen_i0/clk_core_i0/inst/clk_in1
    MMCME2_ADV_X0Y0      MMCME2_ADV (Prop_mmcme2_adv_CLKIN1_CLKOUT1)
                                                     -7.221    -6.060 r  nolabel_line153/clk_gen_i0/clk_core_i0/inst/mmcm_adv_inst/CLKOUT1
                         net (fo=1, routed)           1.587    -4.472    nolabel_line153/clk_gen_i0/clk_core_i0/inst/clk_out2_clk_core
    BUFGCTRL_X0Y12       BUFG (Prop_bufg_I_O)         0.091    -4.381 r  nolabel_line153/clk_gen_i0/clk_core_i0/inst/clkout2_buf/O
                         net (fo=136, routed)         1.437    -2.944    nolabel_line153/char_fifo_i0/U0/inst_fifo_gen/gconvfifo.rf/grf.rf/gntv_or_sync_fifo.gcx.clkx/rd_pntr_cdc_inst/src_clk
    SLICE_X53Y26         FDRE                                         r  nolabel_line153/char_fifo_i0/U0/inst_fifo_gen/gconvfifo.rf/grf.rf/gntv_or_sync_fifo.gcx.clkx/rd_pntr_cdc_inst/src_gray_ff_reg[9]/C
  -------------------------------------------------------------------    -------------------
    SLICE_X53Y26         FDRE (Prop_fdre_C_Q)         0.367    -2.577 r  nolabel_line153/char_fifo_i0/U0/inst_fifo_gen/gconvfifo.rf/grf.rf/gntv_or_sync_fifo.gcx.clkx/rd_pntr_cdc_inst/src_gray_ff_reg[9]/Q
                         net (fo=1, routed)           0.410    -2.167    nolabel_line153/char_fifo_i0/U0/inst_fifo_gen/gconvfifo.rf/grf.rf/gntv_or_sync_fifo.gcx.clkx/rd_pntr_cdc_inst/async_path[9]
    SLICE_X52Y26         FDRE                                         r  nolabel_line153/char_fifo_i0/U0/inst_fifo_gen/gconvfifo.rf/grf.rf/gntv_or_sync_fifo.gcx.clkx/rd_pntr_cdc_inst/dest_graysync_ff_reg[0][9]/D
  -------------------------------------------------------------------    -------------------

                         (clock clk_out1_clk_core rise edge)
                                                      0.000     0.000 r  
    P17                  IBUF                         0.000     0.000 r  clk_IBUF_inst/O
                         net (fo=564, routed)         1.233     1.233    nolabel_line153/clk_gen_i0/clk_core_i0/inst/clk_in1
    MMCME2_ADV_X0Y0      MMCME2_ADV (Prop_mmcme2_adv_CLKIN1_CLKOUT0)
                                                     -6.965    -5.732 r  nolabel_line153/clk_gen_i0/clk_core_i0/inst/mmcm_adv_inst/CLKOUT0
                         net (fo=1, routed)           1.666    -4.065    nolabel_line153/clk_gen_i0/clk_core_i0/inst/clk_out1_clk_core
    BUFGCTRL_X0Y11       BUFG (Prop_bufg_I_O)         0.096    -3.969 r  nolabel_line153/clk_gen_i0/clk_core_i0/inst/clkout1_buf/O
                         net (fo=213, routed)         1.553    -2.416    nolabel_line153/char_fifo_i0/U0/inst_fifo_gen/gconvfifo.rf/grf.rf/gntv_or_sync_fifo.gcx.clkx/rd_pntr_cdc_inst/dest_clk
    SLICE_X52Y26         FDRE                                         r  nolabel_line153/char_fifo_i0/U0/inst_fifo_gen/gconvfifo.rf/grf.rf/gntv_or_sync_fifo.gcx.clkx/rd_pntr_cdc_inst/dest_graysync_ff_reg[0][9]/C
                         clock pessimism             -0.328    -2.744    
    SLICE_X52Y26         FDRE (Hold_fdre_C_D)         0.231    -2.513    nolabel_line153/char_fifo_i0/U0/inst_fifo_gen/gconvfifo.rf/grf.rf/gntv_or_sync_fifo.gcx.clkx/rd_pntr_cdc_inst/dest_graysync_ff_reg[0][9]
  -------------------------------------------------------------------
                         data arrival                          -2.167    
                         clock arrival                         -2.513    
  -------------------------------------------------------------------
                         relative delay                         0.346    



Id: 2
set_bus_skew -from [get_cells [list {nolabel_line153/char_fifo_i0/U0/inst_fifo_gen/gconvfifo.rf/grf.rf/gntv_or_sync_fifo.gcx.clkx/wr_pntr_cdc_inst/src_gray_ff_reg[0]} {nolabel_line153/char_fifo_i0/U0/inst_fifo_gen/gconvfifo.rf/grf.rf/gntv_or_sync_fifo.gcx.clkx/wr_pntr_cdc_inst/src_gray_ff_reg[1]} {nolabel_line153/char_fifo_i0/U0/inst_fifo_gen/gconvfifo.rf/grf.rf/gntv_or_sync_fifo.gcx.clkx/wr_pntr_cdc_inst/src_gray_ff_reg[2]} {nolabel_line153/char_fifo_i0/U0/inst_fifo_gen/gconvfifo.rf/grf.rf/gntv_or_sync_fifo.gcx.clkx/wr_pntr_cdc_inst/src_gray_ff_reg[3]} {nolabel_line153/char_fifo_i0/U0/inst_fifo_gen/gconvfifo.rf/grf.rf/gntv_or_sync_fifo.gcx.clkx/wr_pntr_cdc_inst/src_gray_ff_reg[4]} {nolabel_line153/char_fifo_i0/U0/inst_fifo_gen/gconvfifo.rf/grf.rf/gntv_or_sync_fifo.gcx.clkx/wr_pntr_cdc_inst/src_gray_ff_reg[5]} {nolabel_line153/char_fifo_i0/U0/inst_fifo_gen/gconvfifo.rf/grf.rf/gntv_or_sync_fifo.gcx.clkx/wr_pntr_cdc_inst/src_gray_ff_reg[6]} {nolabel_line153/char_fifo_i0/U0/inst_fifo_gen/gconvfifo.rf/grf.rf/gntv_or_sync_fifo.gcx.clkx/wr_pntr_cdc_inst/src_gray_ff_reg[7]} {nolabel_line153/char_fifo_i0/U0/inst_fifo_gen/gconvfifo.rf/grf.rf/gntv_or_sync_fifo.gcx.clkx/wr_pntr_cdc_inst/src_gray_ff_reg[8]} {nolabel_line153/char_fifo_i0/U0/inst_fifo_gen/gconvfifo.rf/grf.rf/gntv_or_sync_fifo.gcx.clkx/wr_pntr_cdc_inst/src_gray_ff_reg[9]}]] -to [get_cells [list {nolabel_line153/char_fifo_i0/U0/inst_fifo_gen/gconvfifo.rf/grf.rf/gntv_or_sync_fifo.gcx.clkx/wr_pntr_cdc_inst/dest_graysync_ff_reg[0][0]} {nolabel_line153/char_fifo_i0/U0/inst_fifo_gen/gconvfifo.rf/grf.rf/gntv_or_sync_fifo.gcx.clkx/wr_pntr_cdc_inst/dest_graysync_ff_reg[0][1]} {nolabel_line153/char_fifo_i0/U0/inst_fifo_gen/gconvfifo.rf/grf.rf/gntv_or_sync_fifo.gcx.clkx/wr_pntr_cdc_inst/dest_graysync_ff_reg[0][2]} {nolabel_line153/char_fifo_i0/U0/inst_fifo_gen/gconvfifo.rf/grf.rf/gntv_or_sync_fifo.gcx.clkx/wr_pntr_cdc_inst/dest_graysync_ff_reg[0][3]} {nolabel_line153/char_fifo_i0/U0/inst_fifo_gen/gconvfifo.rf/grf.rf/gntv_or_sync_fifo.gcx.clkx/wr_pntr_cdc_inst/dest_graysync_ff_reg[0][4]} {nolabel_line153/char_fifo_i0/U0/inst_fifo_gen/gconvfifo.rf/grf.rf/gntv_or_sync_fifo.gcx.clkx/wr_pntr_cdc_inst/dest_graysync_ff_reg[0][5]} {nolabel_line153/char_fifo_i0/U0/inst_fifo_gen/gconvfifo.rf/grf.rf/gntv_or_sync_fifo.gcx.clkx/wr_pntr_cdc_inst/dest_graysync_ff_reg[0][6]} {nolabel_line153/char_fifo_i0/U0/inst_fifo_gen/gconvfifo.rf/grf.rf/gntv_or_sync_fifo.gcx.clkx/wr_pntr_cdc_inst/dest_graysync_ff_reg[0][7]} {nolabel_line153/char_fifo_i0/U0/inst_fifo_gen/gconvfifo.rf/grf.rf/gntv_or_sync_fifo.gcx.clkx/wr_pntr_cdc_inst/dest_graysync_ff_reg[0][8]} {nolabel_line153/char_fifo_i0/U0/inst_fifo_gen/gconvfifo.rf/grf.rf/gntv_or_sync_fifo.gcx.clkx/wr_pntr_cdc_inst/dest_graysync_ff_reg[0][9]}]] 10.000
Requirement: 10.000ns
Endpoints: 10

From Clock            To Clock              Endpoint Pin                    Reference Pin                   Corner  Actual(ns)  Slack(ns)
--------------------  --------------------  ------------------------------  ------------------------------  ------  ----------  ---------
clk_out1_clk_core     clk_out2_clk_core     nolabel_line153/char_fifo_i0/U0/inst_fifo_gen/gconvfifo.rf/grf.rf/gntv_or_sync_fifo.gcx.clkx/wr_pntr_cdc_inst/dest_graysync_ff_reg[0][1]/D
                                                                            nolabel_line153/char_fifo_i0/U0/inst_fifo_gen/gconvfifo.rf/grf.rf/gntv_or_sync_fifo.gcx.clkx/wr_pntr_cdc_inst/dest_graysync_ff_reg[0][6]/D
                                                                                                            Slow         0.821      9.179


Slack (MET) :             9.179ns  (requirement - actual skew)
  Endpoint Source:        nolabel_line153/char_fifo_i0/U0/inst_fifo_gen/gconvfifo.rf/grf.rf/gntv_or_sync_fifo.gcx.clkx/wr_pntr_cdc_inst/src_gray_ff_reg[1]/C
                            (rising edge-triggered cell FDRE clocked by clk_out1_clk_core)
  Endpoint Destination:   nolabel_line153/char_fifo_i0/U0/inst_fifo_gen/gconvfifo.rf/grf.rf/gntv_or_sync_fifo.gcx.clkx/wr_pntr_cdc_inst/dest_graysync_ff_reg[0][1]/D
                            (rising edge-triggered cell FDRE clocked by clk_out2_clk_core)
  Reference Source:       nolabel_line153/char_fifo_i0/U0/inst_fifo_gen/gconvfifo.rf/grf.rf/gntv_or_sync_fifo.gcx.clkx/wr_pntr_cdc_inst/src_gray_ff_reg[6]/C
                            (rising edge-triggered cell FDRE clocked by clk_out1_clk_core)
  Reference Destination:  nolabel_line153/char_fifo_i0/U0/inst_fifo_gen/gconvfifo.rf/grf.rf/gntv_or_sync_fifo.gcx.clkx/wr_pntr_cdc_inst/dest_graysync_ff_reg[0][6]/D
                            (rising edge-triggered cell FDRE clocked by clk_out2_clk_core)
  Path Type:              Bus Skew (Max at Slow Process Corner)
  Requirement:            10.000ns
  Endpoint Relative Delay:    1.525ns
  Reference Relative Delay:   0.375ns
  Relative CRPR:              0.329ns
  Actual Bus Skew:            0.821ns  (Endpoint Relative Delay - Reference Relative Delay - Relative CRPR)

Endpoint path:
    Location             Delay type                Incr(ns)  Path(ns)    Netlist Resource(s)
  -------------------------------------------------------------------    -------------------
                         (clock clk_out1_clk_core rise edge)
                                                      0.000     0.000 r  
    P17                  IBUF                         0.000     0.000 r  clk_IBUF_inst/O
                         net (fo=564, routed)         1.233     1.233    nolabel_line153/clk_gen_i0/clk_core_i0/inst/clk_in1
    MMCME2_ADV_X0Y0      MMCME2_ADV (Prop_mmcme2_adv_CLKIN1_CLKOUT0)
                                                     -6.965    -5.732 r  nolabel_line153/clk_gen_i0/clk_core_i0/inst/mmcm_adv_inst/CLKOUT0
                         net (fo=1, routed)           1.666    -4.065    nolabel_line153/clk_gen_i0/clk_core_i0/inst/clk_out1_clk_core
    BUFGCTRL_X0Y11       BUFG (Prop_bufg_I_O)         0.096    -3.969 r  nolabel_line153/clk_gen_i0/clk_core_i0/inst/clkout1_buf/O
                         net (fo=213, routed)         1.550    -2.419    nolabel_line153/char_fifo_i0/U0/inst_fifo_gen/gconvfifo.rf/grf.rf/gntv_or_sync_fifo.gcx.clkx/wr_pntr_cdc_inst/src_clk
    SLICE_X49Y25         FDRE                                         r  nolabel_line153/char_fifo_i0/U0/inst_fifo_gen/gconvfifo.rf/grf.rf/gntv_or_sync_fifo.gcx.clkx/wr_pntr_cdc_inst/src_gray_ff_reg[1]/C
  -------------------------------------------------------------------    -------------------
    SLICE_X49Y25         FDRE (Prop_fdre_C_Q)         0.419    -2.000 r  nolabel_line153/char_fifo_i0/U0/inst_fifo_gen/gconvfifo.rf/grf.rf/gntv_or_sync_fifo.gcx.clkx/wr_pntr_cdc_inst/src_gray_ff_reg[1]/Q
                         net (fo=1, routed)           0.641    -1.359    nolabel_line153/char_fifo_i0/U0/inst_fifo_gen/gconvfifo.rf/grf.rf/gntv_or_sync_fifo.gcx.clkx/wr_pntr_cdc_inst/async_path[1]
    SLICE_X51Y25         FDRE                                         r  nolabel_line153/char_fifo_i0/U0/inst_fifo_gen/gconvfifo.rf/grf.rf/gntv_or_sync_fifo.gcx.clkx/wr_pntr_cdc_inst/dest_graysync_ff_reg[0][1]/D
  -------------------------------------------------------------------    -------------------

                         (clock clk_out2_clk_core rise edge)
                                                      0.000     0.000 r  
    P17                  IBUF                         0.000     0.000 r  clk_IBUF_inst/O
                         net (fo=564, routed)         1.162     1.162    nolabel_line153/clk_gen_i0/clk_core_i0/inst/clk_in1
    MMCME2_ADV_X0Y0      MMCME2_ADV (Prop_mmcme2_adv_CLKIN1_CLKOUT1)
                                                     -7.221    -6.060 r  nolabel_line153/clk_gen_i0/clk_core_i0/inst/mmcm_adv_inst/CLKOUT1
                         net (fo=1, routed)           1.587    -4.472    nolabel_line153/clk_gen_i0/clk_core_i0/inst/clk_out2_clk_core
    BUFGCTRL_X0Y12       BUFG (Prop_bufg_I_O)         0.091    -4.381 r  nolabel_line153/clk_gen_i0/clk_core_i0/inst/clkout2_buf/O
                         net (fo=136, routed)         1.435    -2.946    nolabel_line153/char_fifo_i0/U0/inst_fifo_gen/gconvfifo.rf/grf.rf/gntv_or_sync_fifo.gcx.clkx/wr_pntr_cdc_inst/dest_clk
    SLICE_X51Y25         FDRE                                         r  nolabel_line153/char_fifo_i0/U0/inst_fifo_gen/gconvfifo.rf/grf.rf/gntv_or_sync_fifo.gcx.clkx/wr_pntr_cdc_inst/dest_graysync_ff_reg[0][1]/C
                         clock pessimism              0.328    -2.618    
    SLICE_X51Y25         FDRE (Setup_fdre_C_D)       -0.266    -2.884    nolabel_line153/char_fifo_i0/U0/inst_fifo_gen/gconvfifo.rf/grf.rf/gntv_or_sync_fifo.gcx.clkx/wr_pntr_cdc_inst/dest_graysync_ff_reg[0][1]
  -------------------------------------------------------------------
                         data arrival                          -1.359    
                         clock arrival                         -2.884    
  -------------------------------------------------------------------
                         relative delay                         1.525    

Reference path:
    Location             Delay type                Incr(ns)  Path(ns)    Netlist Resource(s)
  -------------------------------------------------------------------    -------------------
                         (clock clk_out1_clk_core rise edge)
                                                      0.000     0.000 r  
    P17                  IBUF                         0.000     0.000 r  clk_IBUF_inst/O
                         net (fo=564, routed)         1.162     1.162    nolabel_line153/clk_gen_i0/clk_core_i0/inst/clk_in1
    MMCME2_ADV_X0Y0      MMCME2_ADV (Prop_mmcme2_adv_CLKIN1_CLKOUT0)
                                                     -7.221    -6.060 r  nolabel_line153/clk_gen_i0/clk_core_i0/inst/mmcm_adv_inst/CLKOUT0
                         net (fo=1, routed)           1.587    -4.472    nolabel_line153/clk_gen_i0/clk_core_i0/inst/clk_out1_clk_core
    BUFGCTRL_X0Y11       BUFG (Prop_bufg_I_O)         0.091    -4.381 r  nolabel_line153/clk_gen_i0/clk_core_i0/inst/clkout1_buf/O
                         net (fo=213, routed)         1.437    -2.944    nolabel_line153/char_fifo_i0/U0/inst_fifo_gen/gconvfifo.rf/grf.rf/gntv_or_sync_fifo.gcx.clkx/wr_pntr_cdc_inst/src_clk
    SLICE_X52Y26         FDRE                                         r  nolabel_line153/char_fifo_i0/U0/inst_fifo_gen/gconvfifo.rf/grf.rf/gntv_or_sync_fifo.gcx.clkx/wr_pntr_cdc_inst/src_gray_ff_reg[6]/C
  -------------------------------------------------------------------    -------------------
    SLICE_X52Y26         FDRE (Prop_fdre_C_Q)         0.418    -2.526 r  nolabel_line153/char_fifo_i0/U0/inst_fifo_gen/gconvfifo.rf/grf.rf/gntv_or_sync_fifo.gcx.clkx/wr_pntr_cdc_inst/src_gray_ff_reg[6]/Q
                         net (fo=1, routed)           0.389    -2.137    nolabel_line153/char_fifo_i0/U0/inst_fifo_gen/gconvfifo.rf/grf.rf/gntv_or_sync_fifo.gcx.clkx/wr_pntr_cdc_inst/async_path[6]
    SLICE_X54Y27         FDRE                                         r  nolabel_line153/char_fifo_i0/U0/inst_fifo_gen/gconvfifo.rf/grf.rf/gntv_or_sync_fifo.gcx.clkx/wr_pntr_cdc_inst/dest_graysync_ff_reg[0][6]/D
  -------------------------------------------------------------------    -------------------

                         (clock clk_out2_clk_core rise edge)
                                                      0.000     0.000 r  
    P17                  IBUF                         0.000     0.000 r  clk_IBUF_inst/O
                         net (fo=564, routed)         1.233     1.233    nolabel_line153/clk_gen_i0/clk_core_i0/inst/clk_in1
    MMCME2_ADV_X0Y0      MMCME2_ADV (Prop_mmcme2_adv_CLKIN1_CLKOUT1)
                                                     -6.965    -5.732 r  nolabel_line153/clk_gen_i0/clk_core_i0/inst/mmcm_adv_inst/CLKOUT1
                         net (fo=1, routed)           1.666    -4.065    nolabel_line153/clk_gen_i0/clk_core_i0/inst/clk_out2_clk_core
    BUFGCTRL_X0Y12       BUFG (Prop_bufg_I_O)         0.096    -3.969 r  nolabel_line153/clk_gen_i0/clk_core_i0/inst/clkout2_buf/O
                         net (fo=136, routed)         1.554    -2.415    nolabel_line153/char_fifo_i0/U0/inst_fifo_gen/gconvfifo.rf/grf.rf/gntv_or_sync_fifo.gcx.clkx/wr_pntr_cdc_inst/dest_clk
    SLICE_X54Y27         FDRE                                         r  nolabel_line153/char_fifo_i0/U0/inst_fifo_gen/gconvfifo.rf/grf.rf/gntv_or_sync_fifo.gcx.clkx/wr_pntr_cdc_inst/dest_graysync_ff_reg[0][6]/C
                         clock pessimism             -0.328    -2.743    
    SLICE_X54Y27         FDRE (Hold_fdre_C_D)         0.230    -2.513    nolabel_line153/char_fifo_i0/U0/inst_fifo_gen/gconvfifo.rf/grf.rf/gntv_or_sync_fifo.gcx.clkx/wr_pntr_cdc_inst/dest_graysync_ff_reg[0][6]
  -------------------------------------------------------------------
                         data arrival                          -2.137    
                         clock arrival                         -2.513    
  -------------------------------------------------------------------
                         relative delay                         0.375    



