Copyright 1986-2022 Xilinx, Inc. All Rights Reserved. Copyright 2022-2023 Advanced Micro Devices, Inc. All Rights Reserved.
---------------------------------------------------------------------------------------------------------------------------------------------
| Tool Version : Vivado v.2023.1 (win64) Build 3865809 Sun May  7 15:05:29 MDT 2023
| Date         : Wed Dec 27 05:44:44 2023
| Host         : Desktop-Tyke running 64-bit major release  (build 9200)
| Command      : report_control_sets -verbose -file main_control_sets_placed.rpt
| Design       : main
| Device       : xc7a35t
---------------------------------------------------------------------------------------------------------------------------------------------

Control Set Information

Table of Contents
-----------------
1. Summary
2. Histogram
3. Flip-Flop Distribution
4. Detailed Control Set Information

1. Summary
----------

+----------------------------------------------------------+-------+
|                          Status                          | Count |
+----------------------------------------------------------+-------+
| Total control sets                                       |    71 |
|    Minimum number of control sets                        |    71 |
|    Addition due to synthesis replication                 |     0 |
|    Addition due to physical synthesis replication        |     0 |
| Unused register locations in slices containing registers |   238 |
+----------------------------------------------------------+-------+
* Control sets can be merged at opt_design using control_set_merge or merge_equivalent_drivers
** Run report_qor_suggestions for automated merging and remapping suggestions


2. Histogram
------------

+--------------------+-------+
|       Fanout       | Count |
+--------------------+-------+
| Total control sets |    71 |
| >= 0 to < 4        |     8 |
| >= 4 to < 6        |    18 |
| >= 6 to < 8        |     6 |
| >= 8 to < 10       |     3 |
| >= 10 to < 12      |     4 |
| >= 12 to < 14      |     0 |
| >= 14 to < 16      |     4 |
| >= 16              |    28 |
+--------------------+-------+
* Control sets can be remapped at either synth_design or opt_design


3. Flip-Flop Distribution
-------------------------

+--------------+-----------------------+------------------------+-----------------+--------------+
| Clock Enable | Synchronous Set/Reset | Asynchronous Set/Reset | Total Registers | Total Slices |
+--------------+-----------------------+------------------------+-----------------+--------------+
| No           | No                    | No                     |             587 |          248 |
| No           | No                    | Yes                    |              44 |           18 |
| No           | Yes                   | No                     |             350 |           99 |
| Yes          | No                    | No                     |              40 |           22 |
| Yes          | No                    | Yes                    |              60 |           16 |
| Yes          | Yes                   | No                     |             297 |           93 |
+--------------+-----------------------+------------------------+-----------------+--------------+


4. Detailed Control Set Information
-----------------------------------

+-------------------------------------------------------+------------------------------------------------------------------------------------------------------------------------------------+-------------------------------------------------------------------------------------------------------------------------------------------------------+------------------+----------------+--------------+
|                      Clock Signal                     |                                                            Enable Signal                                                           |                                                                    Set/Reset Signal                                                                   | Slice Load Count | Bel Load Count | Bels / Slice |
+-------------------------------------------------------+------------------------------------------------------------------------------------------------------------------------------------+-------------------------------------------------------------------------------------------------------------------------------------------------------+------------------+----------------+--------------+
|  nolabel_line152/clk_gen_i0/clk_core_i0/inst/clk_out1 |                                                                                                                                    | nolabel_line152/clk_gen_i0/int_rst                                                                                                                    |                1 |              2 |         2.00 |
|  nolabel_line152/clk_gen_i0/clk_core_i0/inst/clk_out1 |                                                                                                                                    | nolabel_line152/char_fifo_i0/U0/inst_fifo_gen/gconvfifo.rf/grf.rf/rstblk/grstd1.grst_full.rst_d2                                                      |                1 |              2 |         2.00 |
|  nolabel_line152/clk_gen_i0/clk_core_i0/inst/clk_out2 |                                                                                                                                    | nolabel_line152/clk_gen_i0/int_rst                                                                                                                    |                1 |              2 |         2.00 |
|  model3_user2/studyer/studyer/beat1/pwm_reg_0         |                                                                                                                                    |                                                                                                                                                       |                2 |              3 |         1.50 |
|  model2/player/beat1/beat                             |                                                                                                                                    |                                                                                                                                                       |                2 |              3 |         1.50 |
|  model3_user1/studyer/studyer/beat1/pwm_reg_0         |                                                                                                                                    |                                                                                                                                                       |                2 |              3 |         1.50 |
|  model3_user3/studyer/studyer/beat1/pwm_reg_0         |                                                                                                                                    |                                                                                                                                                       |                1 |              3 |         3.00 |
|  nolabel_line152/clk_gen_i0/clk_core_i0/inst/clk_out2 |                                                                                                                                    | nolabel_line152/char_fifo_i0/U0/inst_fifo_gen/gconvfifo.rf/grf.rf/rstblk/ngwrdrst.grst.g7serrst.gnsckt_wrst.gic_rst.rst_rd_reg2_inst/arststages_ff[1] |                1 |              3 |         3.00 |
|  nolabel_line152/clk_gen_i0/clk_core_i0/inst/clk_out2 | nolabel_line152/uart_tx_i0/uart_tx_ctl_i0/over_sample_cnt[3]_i_1_n_0                                                               | nolabel_line152/rst_gen_i0/reset_bridge_clk_tx_i0/rst_clk_tx                                                                                          |                1 |              4 |         4.00 |
|  model3_user2/studyer/studyer/beat1/pwm_reg_0         | model3_user2/studyer/studyer/counter[7]_i_1__0_n_0                                                                                 |                                                                                                                                                       |                1 |              4 |         4.00 |
|  model3_user2/studyer/studyer/beat1/pwm_reg_0         | model3_user2/studyer/studyer/counter[7]_i_1__0_n_0                                                                                 | model3_user2/studyer/studyer/counter[3]_i_1__0_n_0                                                                                                    |                2 |              4 |         2.00 |
|  nolabel_line152/clk_gen_i0/clk_core_i0/inst/clk_out2 | nolabel_line152/uart_tx_i0/uart_tx_ctl_i0/FSM_sequential_state[1]_i_1__1_n_0                                                       | nolabel_line152/rst_gen_i0/reset_bridge_clk_tx_i0/rst_clk_tx                                                                                          |                2 |              4 |         2.00 |
|  clk_game_BUFG                                        | model3_user1/studyer/music_speed_play[3]_i_1__0_n_0                                                                                |                                                                                                                                                       |                2 |              4 |         2.00 |
|  model3_user1/studyer/studyer/beat1/pwm_reg_0         | model3_user1/studyer/studyer/counter[7]_i_1_n_0                                                                                    | model3_user1/studyer/studyer/counter[3]_i_1__1_n_0                                                                                                    |                2 |              4 |         2.00 |
|  clk_game_BUFG                                        | model2/music_speed_play[3]_i_1_n_0                                                                                                 |                                                                                                                                                       |                2 |              4 |         2.00 |
|  clk_game_BUFG                                        | model3_user2/studyer/music_speed_play[3]_i_1__1_n_0                                                                                |                                                                                                                                                       |                2 |              4 |         2.00 |
|  nolabel_line152/clk_gen_i0/clk_core_i0/inst/clk_out1 | nolabel_line152/resp_gen_i0/char_cnt                                                                                               | nolabel_line152/resp_gen_i0/char_cnt[3]_i_1_n_0                                                                                                       |                1 |              4 |         4.00 |
|  nolabel_line152/clk_gen_i0/clk_core_i0/inst/clk_out1 | nolabel_line152/uart_rx_i0/uart_rx_ctl_i0/FSM_sequential_state[1]_i_1__0_n_0                                                       | nolabel_line152/rst_gen_i0/reset_bridge_clk_rx_i0/rst_clk_rx                                                                                          |                2 |              4 |         2.00 |
|  clk_game_BUFG                                        | model3_user2/setter1/note[3]_i_1__0_n_0                                                                                            |                                                                                                                                                       |                3 |              4 |         1.33 |
|  model3_user1/studyer/studyer/beat1/pwm_reg_0         | model3_user1/studyer/studyer/counter[7]_i_1_n_0                                                                                    |                                                                                                                                                       |                3 |              4 |         1.33 |
|  model3_user3/studyer/studyer/beat1/pwm_reg_0         | model3_user3/studyer/studyer/counter[7]_i_1__1_n_0                                                                                 | model3_user3/studyer/studyer/counter[3]_i_1_n_0                                                                                                       |                2 |              4 |         2.00 |
|  model3_user3/studyer/studyer/beat1/pwm_reg_0         | model3_user3/studyer/studyer/counter[7]_i_1__1_n_0                                                                                 |                                                                                                                                                       |                2 |              4 |         2.00 |
|  clk_game_BUFG                                        | model3_user1/setter1/note[3]_i_1_n_0                                                                                               |                                                                                                                                                       |                2 |              4 |         2.00 |
|  clk_game_BUFG                                        | model3_user3/setter1/note[3]_i_1__1_n_0                                                                                            |                                                                                                                                                       |                2 |              4 |         2.00 |
|  clk_game_BUFG                                        | model3_user3/studyer/music_speed_play[3]_i_1__2_n_0                                                                                |                                                                                                                                                       |                3 |              4 |         1.33 |
|  nolabel_line152/clk_gen_i0/clk_core_i0/inst/clk_out2 |                                                                                                                                    | nolabel_line152/rst_gen_i0/reset_bridge_clk_tx_i0/rst_clk_tx                                                                                          |                2 |              5 |         2.50 |
|  model2/player/beat1/beat                             | model2/player/counter[7]_i_2_n_0                                                                                                   | model2/player/counter[7]_i_1__2_n_0                                                                                                                   |                2 |              6 |         3.00 |
|  model3_user2/studyer/studyer/beat1/pwm_reg_0         | model3_user2/studyer/studyer/counter_time[8]_i_2__0_n_0                                                                            | model3_user2/studyer/studyer/counter_time[8]_i_1__1_n_0                                                                                               |                2 |              7 |         3.50 |
|  model2/player/beat1/beat                             | model2/player_en                                                                                                                   | model2/player/note_code[7]_i_1_n_0                                                                                                                    |                6 |              7 |         1.17 |
|  nolabel_line152/clk_gen_i0/clk_core_i0/inst/clk_out1 | nolabel_line152/cmd_parse_i0/E[0]                                                                                                  | nolabel_line152/rst_gen_i0/reset_bridge_clk_rx_i0/rst_clk_rx                                                                                          |                3 |              7 |         2.33 |
|  model3_user1/studyer/studyer/beat1/pwm_reg_0         | model3_user1/studyer/studyer/counter_time[8]_i_2_n_0                                                                               | model3_user1/studyer/studyer/counter_time[8]_i_1__0_n_0                                                                                               |                2 |              7 |         3.50 |
|  model3_user3/studyer/studyer/beat1/pwm_reg_0         | model3_user3/studyer/studyer/counter_time[8]_i_2__1_n_0                                                                            | model3_user3/studyer/studyer/counter_time[8]_i_1_n_0                                                                                                  |                2 |              7 |         3.50 |
|  nolabel_line152/clk_gen_i0/clk_core_i0/inst/clk_out1 | nolabel_line152/cmd_parse_i0/p_13_in                                                                                               | nolabel_line152/rst_gen_i0/reset_bridge_clk_rx_i0/rst_clk_rx                                                                                          |                3 |              8 |         2.67 |
|  nolabel_line152/clk_gen_i0/clk_core_i0/inst/clk_out2 | nolabel_line152/char_fifo_i0/U0/inst_fifo_gen/gconvfifo.rf/grf.rf/gntv_or_sync_fifo.gl0.rd/gr1.gr1_int.rfwft/E[0]                  | nolabel_line152/char_fifo_i0/U0/inst_fifo_gen/gconvfifo.rf/grf.rf/rstblk/ngwrdrst.grst.g7serrst.gnsckt_wrst.gic_rst.sckt_rd_rst_ic_reg_0[0]           |                2 |              8 |         4.00 |
|  nolabel_line152/clk_gen_i0/clk_core_i0/inst/clk_out1 |                                                                                                                                    | nolabel_line152/char_fifo_i0/U0/inst_fifo_gen/gconvfifo.rf/grf.rf/rstblk/ngwrdrst.grst.g7serrst.gnsckt_wrst.rst_wr_reg2_inst/arststages_ff[1]         |                2 |              9 |         4.50 |
|  nolabel_line152/clk_gen_i0/clk_core_i0/inst/clk_out1 |                                                                                                                                    | nolabel_line152/uart_rx_i0/uart_baud_gen_rx_i0/internal_count[9]_i_1_n_0                                                                              |                3 |             10 |         3.33 |
|  vga_display_inst/clk_gen_inst/inst/c0                | vga_display_inst/vga_ctrl_inst/cnt_v[9]_i_1_n_0                                                                                    | vga_display_inst/vga_ctrl_inst/sys_rst                                                                                                                |                4 |             10 |         2.50 |
|  nolabel_line152/clk_gen_i0/clk_core_i0/inst/clk_out2 |                                                                                                                                    | nolabel_line152/char_fifo_i0/U0/inst_fifo_gen/gconvfifo.rf/grf.rf/rstblk/ngwrdrst.grst.g7serrst.gnsckt_wrst.gic_rst.sckt_rd_rst_ic_reg_0[0]           |                2 |             10 |         5.00 |
|  nolabel_line152/clk_gen_i0/clk_core_i0/inst/clk_out2 |                                                                                                                                    | nolabel_line152/uart_tx_i0/uart_baud_gen_tx_i0/internal_count[9]_i_1__0_n_0                                                                           |                3 |             10 |         3.33 |
|  clk_game_BUFG                                        | mode_sel/rst1_reg_2                                                                                                                | model2/music_number[15]_i_1_n_0                                                                                                                       |                4 |             14 |         3.50 |
|  clk_game_BUFG                                        | model3_user2/studyer/music_number[15]_i_2__1_n_0                                                                                   | model3_user2/studyer/music_number[15]_i_1__1_n_0                                                                                                      |                4 |             14 |         3.50 |
|  clk_game_BUFG                                        | model3_user1/studyer/music_number[15]_i_2__0_n_0                                                                                   | model3_user1/studyer/music_number[15]_i_1__0_n_0                                                                                                      |                4 |             14 |         3.50 |
|  clk_game_BUFG                                        | model3_user3/studyer/music_number[15]_i_2__2_n_0                                                                                   | model3_user3/studyer/music_number[15]_i_1__2_n_0                                                                                                      |                4 |             14 |         3.50 |
|  vga_display_inst/clk_gen_inst/inst/c0                |                                                                                                                                    | vga_display_inst/vga_ctrl_inst/sys_rst                                                                                                                |               10 |             16 |         1.60 |
|  nolabel_line152/clk_gen_i0/clk_core_i0/inst/clk_out2 |                                                                                                                                    | nolabel_line152/lb_ctl_i0/debouncer_i0/meta_harden_signal_in_i0/signal_dst_reg_0                                                                      |                5 |             18 |         3.60 |
|  nolabel_line152/clk_gen_i0/clk_core_i0/inst/clk_out2 | nolabel_line152/char_fifo_i0/U0/inst_fifo_gen/gconvfifo.rf/grf.rf/gntv_or_sync_fifo.gl0.rd/gr1.gr1_int.rfwft/ram_empty_fb_i_reg[0] | nolabel_line152/char_fifo_i0/U0/inst_fifo_gen/gconvfifo.rf/grf.rf/rstblk/ngwrdrst.grst.g7serrst.gnsckt_wrst.gic_rst.sckt_rd_rst_ic_reg_0[0]           |                5 |             20 |         4.00 |
|  clk_IBUF_BUFG                                        |                                                                                                                                    | clk2/clear                                                                                                                                            |                6 |             23 |         3.83 |
|  nolabel_line152/clk_gen_i0/clk_core_i0/inst/clk_out1 |                                                                                                                                    | nolabel_line152/rst_gen_i0/reset_bridge_clk_rx_i0/rst_clk_rx                                                                                          |               12 |             24 |         2.00 |
|  clk_IBUF_BUFG                                        |                                                                                                                                    | model3_user2/studyer/studyer/beat1/counter_reg[21]_0                                                                                                  |                7 |             25 |         3.57 |
|  clk_IBUF_BUFG                                        |                                                                                                                                    | model2/player/beat1/clear                                                                                                                             |                7 |             25 |         3.57 |
|  clk_IBUF_BUFG                                        |                                                                                                                                    | model3_user1/studyer/studyer/beat1/counter_reg[21]_0                                                                                                  |                7 |             25 |         3.57 |
|  clk_IBUF_BUFG                                        |                                                                                                                                    | model3_user3/studyer/studyer/beat1/counter_reg[21]_0                                                                                                  |                7 |             25 |         3.57 |
|  mode_sel/en4                                         |                                                                                                                                    |                                                                                                                                                       |               14 |             27 |         1.93 |
|  speaker_reg_i_2_n_0                                  |                                                                                                                                    |                                                                                                                                                       |               12 |             27 |         2.25 |
|  mode_sel/en5                                         |                                                                                                                                    |                                                                                                                                                       |               12 |             27 |         2.25 |
|  mode_sel/en3                                         |                                                                                                                                    |                                                                                                                                                       |               12 |             27 |         2.25 |
|  nolabel_line152/clk_gen_i0/clk_core_i0/inst/clk_out1 | nolabel_line152/cmd_parse_i0/arg_sav_0                                                                                             | nolabel_line152/rst_gen_i0/reset_bridge_clk_rx_i0/rst_clk_rx                                                                                          |                7 |             28 |         4.00 |
|  nolabel_line152/clk_gen_i0/clk_core_i0/inst/clk_out1 | nolabel_line152/char_fifo_i0/U0/inst_fifo_gen/gconvfifo.rf/grf.rf/gntv_or_sync_fifo.gl0.wr/gwas.wsts/E[0]                          | nolabel_line152/char_fifo_i0/U0/inst_fifo_gen/gconvfifo.rf/grf.rf/rstblk/AR[0]                                                                        |                7 |             30 |         4.29 |
|  clk_IBUF_BUFG                                        |                                                                                                                                    | model3_user1/setter1/counter2_inferred__1/i__carry__2                                                                                                 |                8 |             32 |         4.00 |
|  clk_IBUF_BUFG                                        | model3_user2/setter1/buzzer_en                                                                                                     | model3_user2/setter1/buzzer1/clear                                                                                                                    |                8 |             32 |         4.00 |
|  clk_IBUF_BUFG                                        |                                                                                                                                    | model1/buzzer1/p_0_in_0                                                                                                                               |                8 |             32 |         4.00 |
|  clk_IBUF_BUFG                                        | model3_user1/setter1/buzzer_en                                                                                                     | model3_user1/setter1/buzzer1/clear                                                                                                                    |                8 |             32 |         4.00 |
|  clk_IBUF_BUFG                                        |                                                                                                                                    | model2/player/buzzer1/counter[0]_i_1__14_n_0                                                                                                          |                8 |             32 |         4.00 |
|  nolabel_line152/clk_gen_i0/clk_core_i0/inst/clk_out1 | nolabel_line152/cmd_parse_i0/bt_data32[31]_i_1_n_0                                                                                 | nolabel_line152/rst_gen_i0/reset_bridge_clk_rx_i0/rst_clk_rx                                                                                          |               12 |             32 |         2.67 |
|  clk_IBUF_BUFG                                        | model3_user3/setter1/buzzer_en                                                                                                     | model3_user3/setter1/buzzer1/clear                                                                                                                    |                8 |             32 |         4.00 |
|  clk_IBUF_BUFG                                        |                                                                                                                                    | model3_user3/setter1/counter2_inferred__1/i__carry__2                                                                                                 |                8 |             32 |         4.00 |
|  clk_IBUF_BUFG                                        |                                                                                                                                    | model3_user2/setter1/counter2_inferred__1/i__carry__2                                                                                                 |                8 |             32 |         4.00 |
|  nolabel_line152/clk_gen_i0/clk_core_i0/inst/clk_out2 |                                                                                                                                    |                                                                                                                                                       |               15 |             51 |         3.40 |
|  nolabel_line152/clk_gen_i0/clk_core_i0/inst/clk_out1 |                                                                                                                                    |                                                                                                                                                       |               14 |             52 |         3.71 |
|  clk_IBUF_BUFG                                        |                                                                                                                                    |                                                                                                                                                       |               52 |            157 |         3.02 |
|  clk_game_BUFG                                        |                                                                                                                                    |                                                                                                                                                       |              110 |            207 |         1.88 |
+-------------------------------------------------------+------------------------------------------------------------------------------------------------------------------------------------+-------------------------------------------------------------------------------------------------------------------------------------------------------+------------------+----------------+--------------+


